# JRE version: OpenJDK Runtime Environment (8.0_242-b01) (build 1.8.0_242-release-1644-b01)
# Java VM: OpenJDK 64-Bit Server VM (25.242-b01 mixed mode windows-amd64 compressed oops)
Heap:
 PSYoungGen      total 555008K, used 501823K [0x00000000d5580000, 0x00000000ffb80000, 0x0000000100000000)
  eden space 435712K, 97% used [0x00000000d5580000,0x00000000ef388bd8,0x00000000eff00000)
  from space 119296K, 65% used [0x00000000eff00000,0x00000000f4b07198,0x00000000f7380000)
  to   space 121344K, 0% used [0x00000000f8500000,0x00000000f8500000,0x00000000ffb80000)
 ParOldGen       total 275456K, used 140712K [0x0000000080000000, 0x0000000090d00000, 0x00000000d5580000)
  object space 275456K, 51% used [0x0000000080000000,0x000000008896a058,0x0000000090d00000)
 Metaspace       used 238265K, capacity 253858K, committed 253976K, reserved 1269760K
  class space    used 30613K, capacity 33564K, committed 33584K, reserved 1048576K
GC Heap History (10 events):
Event: 2171.397 GC heap before
{Heap before GC invocations=50 (full 7):
 PSYoungGen      total 577536K, used 537223K [0x00000000d5580000, 0x00000000ffe80000, 0x0000000100000000)
  eden space 468992K, 100% used [0x00000000d5580000,0x00000000f1f80000,0x00000000f1f80000)
  from space 108544K, 62% used [0x00000000f8c00000,0x00000000fcea1d68,0x00000000ff600000)
  to   space 111104K, 0% used [0x00000000f1f80000,0x00000000f1f80000,0x00000000f8c00000)
 ParOldGen       total 275456K, used 140672K [0x0000000080000000, 0x0000000090d00000, 0x00000000d5580000)
  object space 275456K, 51% used [0x0000000080000000,0x0000000088960058,0x0000000090d00000)
 Metaspace       used 200483K, capacity 211246K, committed 211480K, reserved 1232896K
  class space    used 25791K, capacity 27890K, committed 27952K, reserved 1048576K
Event: 2171.432 GC heap after
Heap after GC invocations=50 (full 7):
 PSYoungGen      total 563712K, used 94532K [0x00000000d5580000, 0x0000000100000000, 0x0000000100000000)
  eden space 468992K, 0% used [0x00000000d5580000,0x00000000d5580000,0x00000000f1f80000)
  from space 94720K, 99% used [0x00000000f1f80000,0x00000000f7bd1030,0x00000000f7c00000)
  to   space 122880K, 0% used [0x00000000f8800000,0x00000000f8800000,0x0000000100000000)
 ParOldGen       total 275456K, used 140680K [0x0000000080000000, 0x0000000090d00000, 0x00000000d5580000)
  object space 275456K, 51% used [0x0000000080000000,0x0000000088962058,0x0000000090d00000)
 Metaspace       used 200483K, capacity 211246K, committed 211480K, reserved 1232896K
  class space    used 25791K, capacity 27890K, committed 27952K, reserved 1048576K
}
Event: 2211.160 GC heap before
{Heap before GC invocations=51 (full 7):
 PSYoungGen      total 563712K, used 563524K [0x00000000d5580000, 0x0000000100000000, 0x0000000100000000)
  eden space 468992K, 100% used [0x00000000d5580000,0x00000000f1f80000,0x00000000f1f80000)
  from space 94720K, 99% used [0x00000000f1f80000,0x00000000f7bd1030,0x00000000f7c00000)
  to   space 122880K, 0% used [0x00000000f8800000,0x00000000f8800000,0x0000000100000000)
 ParOldGen       total 275456K, used 140680K [0x0000000080000000, 0x0000000090d00000, 0x00000000d5580000)
  object space 275456K, 51% used [0x0000000080000000,0x0000000088962058,0x0000000090d00000)
 Metaspace       used 215982K, capacity 228360K, committed 228632K, reserved 1247232K
  class space    used 27777K, capacity 30153K, committed 30256K, reserved 1048576K
Event: 2211.197 GC heap after
Heap after GC invocations=51 (full 7):
 PSYoungGen      total 577024K, used 67721K [0x00000000d5580000, 0x0000000100000000, 0x0000000100000000)
  eden space 454144K, 0% used [0x00000000d5580000,0x00000000d5580000,0x00000000f1100000)
  from space 122880K, 55% used [0x00000000f8800000,0x00000000fca22768,0x0000000100000000)
  to   space 121856K, 0% used [0x00000000f1100000,0x00000000f1100000,0x00000000f8800000)
 ParOldGen       total 275456K, used 140688K [0x0000000080000000, 0x0000000090d00000, 0x00000000d5580000)
  object space 275456K, 51% used [0x0000000080000000,0x0000000088964058,0x0000000090d00000)
 Metaspace       used 215982K, capacity 228360K, committed 228632K, reserved 1247232K
  class space    used 27777K, capacity 30153K, committed 30256K, reserved 1048576K
}
Event: 2590.193 GC heap before
{Heap before GC invocations=52 (full 7):
 PSYoungGen      total 577024K, used 521865K [0x00000000d5580000, 0x0000000100000000, 0x0000000100000000)
  eden space 454144K, 100% used [0x00000000d5580000,0x00000000f1100000,0x00000000f1100000)
  from space 122880K, 55% used [0x00000000f8800000,0x00000000fca22768,0x0000000100000000)
  to   space 121856K, 0% used [0x00000000f1100000,0x00000000f1100000,0x00000000f8800000)
 ParOldGen       total 275456K, used 140688K [0x0000000080000000, 0x0000000090d00000, 0x00000000d5580000)
  object space 275456K, 51% used [0x0000000080000000,0x0000000088964058,0x0000000090d00000)
 Metaspace       used 216399K, capacity 228894K, committed 229144K, reserved 1249280K
  class space    used 27790K, capacity 30176K, committed 30256K, reserved 1048576K
Event: 2590.250 GC heap after
Heap after GC invocations=52 (full 7):
 PSYoungGen      total 519680K, used 65155K [0x00000000d5580000, 0x00000000ffb00000, 0x0000000100000000)
  eden space 454144K, 0% used [0x00000000d5580000,0x00000000d5580000,0x00000000f1100000)
  from space 65536K, 99% used [0x00000000f1100000,0x00000000f50a0db8,0x00000000f5100000)
  to   space 119808K, 0% used [0x00000000f8600000,0x00000000f8600000,0x00000000ffb00000)
 ParOldGen       total 275456K, used 140696K [0x0000000080000000, 0x0000000090d00000, 0x00000000d5580000)
  object space 275456K, 51% used [0x0000000080000000,0x0000000088966058,0x0000000090d00000)
 Metaspace       used 216399K, capacity 228894K, committed 229144K, reserved 1249280K
  class space    used 27790K, capacity 30176K, committed 30256K, reserved 1048576K
}
Event: 3387.781 GC heap before
{Heap before GC invocations=53 (full 7):
 PSYoungGen      total 519680K, used 519299K [0x00000000d5580000, 0x00000000ffb00000, 0x0000000100000000)
  eden space 454144K, 100% used [0x00000000d5580000,0x00000000f1100000,0x00000000f1100000)
  from space 65536K, 99% used [0x00000000f1100000,0x00000000f50a0db8,0x00000000f5100000)
  to   space 119808K, 0% used [0x00000000f8600000,0x00000000f8600000,0x00000000ffb00000)
 ParOldGen       total 275456K, used 140696K [0x0000000080000000, 0x0000000090d00000, 0x00000000d5580000)
  object space 275456K, 51% used [0x0000000080000000,0x0000000088966058,0x0000000090d00000)
 Metaspace       used 227000K, capacity 240868K, committed 241048K, reserved 1259520K
  class space    used 29172K, capacity 31813K, committed 31920K, reserved 1048576K
Event: 3387.825 GC heap after
Heap after GC invocations=53 (full 7):
 PSYoungGen      total 536064K, used 69592K [0x00000000d5580000, 0x00000000fe800000, 0x0000000100000000)
  eden space 435712K, 0% used [0x00000000d5580000,0x00000000d5580000,0x00000000eff00000)
  from space 100352K, 69% used [0x00000000f8600000,0x00000000fc9f6270,0x00000000fe800000)
  to   space 119296K, 0% used [0x00000000eff00000,0x00000000eff00000,0x00000000f7380000)
 ParOldGen       total 275456K, used 140704K [0x0000000080000000, 0x0000000090d00000, 0x00000000d5580000)
  object space 275456K, 51% used [0x0000000080000000,0x0000000088968058,0x0000000090d00000)
 Metaspace       used 227000K, capacity 240868K, committed 241048K, reserved 1259520K
  class space    used 29172K, capacity 31813K, committed 31920K, reserved 1048576K
}
Event: 3391.857 GC heap before
{Heap before GC invocations=54 (full 7):
 PSYoungGen      total 536064K, used 505304K [0x00000000d5580000, 0x00000000fe800000, 0x0000000100000000)
  eden space 435712K, 100% used [0x00000000d5580000,0x00000000eff00000,0x00000000eff00000)
  from space 100352K, 69% used [0x00000000f8600000,0x00000000fc9f6270,0x00000000fe800000)
  to   space 119296K, 0% used [0x00000000eff00000,0x00000000eff00000,0x00000000f7380000)
 ParOldGen       total 275456K, used 140704K [0x0000000080000000, 0x0000000090d00000, 0x00000000d5580000)
  object space 275456K, 51% used [0x0000000080000000,0x0000000088968058,0x0000000090d00000)
 Metaspace       used 232124K, capacity 246206K, committed 246424K, reserved 1263616K
  class space    used 29707K, capacity 32394K, committed 32432K, reserved 1048576K
Event: 3391.889 GC heap after
Heap after GC invocations=54 (full 7):
 PSYoungGen      total 555008K, used 77852K [0x00000000d5580000, 0x00000000ffb80000, 0x0000000100000000)
  eden space 435712K, 0% used [0x00000000d5580000,0x00000000d5580000,0x00000000eff00000)
  from space 119296K, 65% used [0x00000000eff00000,0x00000000f4b07198,0x00000000f7380000)
  to   space 121344K, 0% used [0x00000000f8500000,0x00000000f8500000,0x00000000ffb80000)
 ParOldGen       total 275456K, used 140712K [0x0000000080000000, 0x0000000090d00000, 0x00000000d5580000)
  object space 275456K, 51% used [0x0000000080000000,0x000000008896a058,0x0000000090d00000)
 Metaspace       used 232124K, capacity 246206K, committed 246424K, reserved 1263616K
  class space    used 29707K, capacity 32394K, committed 32432K, reserved 1048576K
}

